This is pdfTeX, Version 3.14159265-2.6-1.40.16 (TeX Live 2015) (preloaded format=pdflatex 2015.5.24)  13 DEC 2016 10:26
entering extended mode
 restricted \write18 enabled.
 %&-line parsing enabled.
**teknisk_dokumentation.tex
(./teknisk_dokumentation.tex
LaTeX2e <2015/01/01>
Babel <3.9l> and hyphenation patterns for 79 languages loaded.
(/usr/local/texlive/2015/texmf-dist/tex/latex/base/article.cls
Document Class: article 2014/09/29 v1.4h Standard LaTeX document class
(/usr/local/texlive/2015/texmf-dist/tex/latex/base/size10.clo
File: size10.clo 2014/09/29 v1.4h Standard LaTeX file (size option)
)
\c@part=\count79
\c@section=\count80
\c@subsection=\count81
\c@subsubsection=\count82
\c@paragraph=\count83
\c@subparagraph=\count84
\c@figure=\count85
\c@table=\count86
\abovecaptionskip=\skip41
\belowcaptionskip=\skip42
\bibindent=\dimen102
)
(/usr/local/texlive/2015/texmf-dist/tex/latex/base/inputenc.sty
Package: inputenc 2015/03/17 v1.2c Input encoding file
\inpenc@prehook=\toks14
\inpenc@posthook=\toks15

(/usr/local/texlive/2015/texmf-dist/tex/latex/base/utf8.def
File: utf8.def 2014/09/29 v1.1m UTF-8 support for inputenc
Now handling font encoding OML ...
... no UTF-8 mapping file for font encoding OML
Now handling font encoding T1 ...
... processing UTF-8 mapping file for font encoding T1

(/usr/local/texlive/2015/texmf-dist/tex/latex/base/t1enc.dfu
File: t1enc.dfu 2014/09/29 v1.1m UTF-8 support for inputenc
   defining Unicode char U+00A1 (decimal 161)
   defining Unicode char U+00A3 (decimal 163)
   defining Unicode char U+00AB (decimal 171)
   defining Unicode char U+00BB (decimal 187)
   defining Unicode char U+00BF (decimal 191)
   defining Unicode char U+00C0 (decimal 192)
   defining Unicode char U+00C1 (decimal 193)
   defining Unicode char U+00C2 (decimal 194)
   defining Unicode char U+00C3 (decimal 195)
   defining Unicode char U+00C4 (decimal 196)
   defining Unicode char U+00C5 (decimal 197)
   defining Unicode char U+00C6 (decimal 198)
   defining Unicode char U+00C7 (decimal 199)
   defining Unicode char U+00C8 (decimal 200)
   defining Unicode char U+00C9 (decimal 201)
   defining Unicode char U+00CA (decimal 202)
   defining Unicode char U+00CB (decimal 203)
   defining Unicode char U+00CC (decimal 204)
   defining Unicode char U+00CD (decimal 205)
   defining Unicode char U+00CE (decimal 206)
   defining Unicode char U+00CF (decimal 207)
   defining Unicode char U+00D0 (decimal 208)
   defining Unicode char U+00D1 (decimal 209)
   defining Unicode char U+00D2 (decimal 210)
   defining Unicode char U+00D3 (decimal 211)
   defining Unicode char U+00D4 (decimal 212)
   defining Unicode char U+00D5 (decimal 213)
   defining Unicode char U+00D6 (decimal 214)
   defining Unicode char U+00D8 (decimal 216)
   defining Unicode char U+00D9 (decimal 217)
   defining Unicode char U+00DA (decimal 218)
   defining Unicode char U+00DB (decimal 219)
   defining Unicode char U+00DC (decimal 220)
   defining Unicode char U+00DD (decimal 221)
   defining Unicode char U+00DE (decimal 222)
   defining Unicode char U+00DF (decimal 223)
   defining Unicode char U+00E0 (decimal 224)
   defining Unicode char U+00E1 (decimal 225)
   defining Unicode char U+00E2 (decimal 226)
   defining Unicode char U+00E3 (decimal 227)
   defining Unicode char U+00E4 (decimal 228)
   defining Unicode char U+00E5 (decimal 229)
   defining Unicode char U+00E6 (decimal 230)
   defining Unicode char U+00E7 (decimal 231)
   defining Unicode char U+00E8 (decimal 232)
   defining Unicode char U+00E9 (decimal 233)
   defining Unicode char U+00EA (decimal 234)
   defining Unicode char U+00EB (decimal 235)
   defining Unicode char U+00EC (decimal 236)
   defining Unicode char U+00ED (decimal 237)
   defining Unicode char U+00EE (decimal 238)
   defining Unicode char U+00EF (decimal 239)
   defining Unicode char U+00F0 (decimal 240)
   defining Unicode char U+00F1 (decimal 241)
   defining Unicode char U+00F2 (decimal 242)
   defining Unicode char U+00F3 (decimal 243)
   defining Unicode char U+00F4 (decimal 244)
   defining Unicode char U+00F5 (decimal 245)
   defining Unicode char U+00F6 (decimal 246)
   defining Unicode char U+00F8 (decimal 248)
   defining Unicode char U+00F9 (decimal 249)
   defining Unicode char U+00FA (decimal 250)
   defining Unicode char U+00FB (decimal 251)
   defining Unicode char U+00FC (decimal 252)
   defining Unicode char U+00FD (decimal 253)
   defining Unicode char U+00FE (decimal 254)
   defining Unicode char U+00FF (decimal 255)
   defining Unicode char U+0102 (decimal 258)
   defining Unicode char U+0103 (decimal 259)
   defining Unicode char U+0104 (decimal 260)
   defining Unicode char U+0105 (decimal 261)
   defining Unicode char U+0106 (decimal 262)
   defining Unicode char U+0107 (decimal 263)
   defining Unicode char U+010C (decimal 268)
   defining Unicode char U+010D (decimal 269)
   defining Unicode char U+010E (decimal 270)
   defining Unicode char U+010F (decimal 271)
   defining Unicode char U+0110 (decimal 272)
   defining Unicode char U+0111 (decimal 273)
   defining Unicode char U+0118 (decimal 280)
   defining Unicode char U+0119 (decimal 281)
   defining Unicode char U+011A (decimal 282)
   defining Unicode char U+011B (decimal 283)
   defining Unicode char U+011E (decimal 286)
   defining Unicode char U+011F (decimal 287)
   defining Unicode char U+0130 (decimal 304)
   defining Unicode char U+0131 (decimal 305)
   defining Unicode char U+0132 (decimal 306)
   defining Unicode char U+0133 (decimal 307)
   defining Unicode char U+0139 (decimal 313)
   defining Unicode char U+013A (decimal 314)
   defining Unicode char U+013D (decimal 317)
   defining Unicode char U+013E (decimal 318)
   defining Unicode char U+0141 (decimal 321)
   defining Unicode char U+0142 (decimal 322)
   defining Unicode char U+0143 (decimal 323)
   defining Unicode char U+0144 (decimal 324)
   defining Unicode char U+0147 (decimal 327)
   defining Unicode char U+0148 (decimal 328)
   defining Unicode char U+014A (decimal 330)
   defining Unicode char U+014B (decimal 331)
   defining Unicode char U+0150 (decimal 336)
   defining Unicode char U+0151 (decimal 337)
   defining Unicode char U+0152 (decimal 338)
   defining Unicode char U+0153 (decimal 339)
   defining Unicode char U+0154 (decimal 340)
   defining Unicode char U+0155 (decimal 341)
   defining Unicode char U+0158 (decimal 344)
   defining Unicode char U+0159 (decimal 345)
   defining Unicode char U+015A (decimal 346)
   defining Unicode char U+015B (decimal 347)
   defining Unicode char U+015E (decimal 350)
   defining Unicode char U+015F (decimal 351)
   defining Unicode char U+0160 (decimal 352)
   defining Unicode char U+0161 (decimal 353)
   defining Unicode char U+0162 (decimal 354)
   defining Unicode char U+0163 (decimal 355)
   defining Unicode char U+0164 (decimal 356)
   defining Unicode char U+0165 (decimal 357)
   defining Unicode char U+016E (decimal 366)
   defining Unicode char U+016F (decimal 367)
   defining Unicode char U+0170 (decimal 368)
   defining Unicode char U+0171 (decimal 369)
   defining Unicode char U+0178 (decimal 376)
   defining Unicode char U+0179 (decimal 377)
   defining Unicode char U+017A (decimal 378)
   defining Unicode char U+017B (decimal 379)
   defining Unicode char U+017C (decimal 380)
   defining Unicode char U+017D (decimal 381)
   defining Unicode char U+017E (decimal 382)
   defining Unicode char U+200C (decimal 8204)
   defining Unicode char U+2013 (decimal 8211)
   defining Unicode char U+2014 (decimal 8212)
   defining Unicode char U+2018 (decimal 8216)
   defining Unicode char U+2019 (decimal 8217)
   defining Unicode char U+201A (decimal 8218)
   defining Unicode char U+201C (decimal 8220)
   defining Unicode char U+201D (decimal 8221)
   defining Unicode char U+201E (decimal 8222)
   defining Unicode char U+2030 (decimal 8240)
   defining Unicode char U+2031 (decimal 8241)
   defining Unicode char U+2039 (decimal 8249)
   defining Unicode char U+203A (decimal 8250)
   defining Unicode char U+2423 (decimal 9251)
)
Now handling font encoding OT1 ...
... processing UTF-8 mapping file for font encoding OT1

(/usr/local/texlive/2015/texmf-dist/tex/latex/base/ot1enc.dfu
File: ot1enc.dfu 2014/09/29 v1.1m UTF-8 support for inputenc
   defining Unicode char U+00A1 (decimal 161)
   defining Unicode char U+00A3 (decimal 163)
   defining Unicode char U+00B8 (decimal 184)
   defining Unicode char U+00BF (decimal 191)
   defining Unicode char U+00C5 (decimal 197)
   defining Unicode char U+00C6 (decimal 198)
   defining Unicode char U+00D8 (decimal 216)
   defining Unicode char U+00DF (decimal 223)
   defining Unicode char U+00E6 (decimal 230)
   defining Unicode char U+00EC (decimal 236)
   defining Unicode char U+00ED (decimal 237)
   defining Unicode char U+00EE (decimal 238)
   defining Unicode char U+00EF (decimal 239)
   defining Unicode char U+00F8 (decimal 248)
   defining Unicode char U+0131 (decimal 305)
   defining Unicode char U+0141 (decimal 321)
   defining Unicode char U+0142 (decimal 322)
   defining Unicode char U+0152 (decimal 338)
   defining Unicode char U+0153 (decimal 339)
   defining Unicode char U+2013 (decimal 8211)
   defining Unicode char U+2014 (decimal 8212)
   defining Unicode char U+2018 (decimal 8216)
   defining Unicode char U+2019 (decimal 8217)
   defining Unicode char U+201C (decimal 8220)
   defining Unicode char U+201D (decimal 8221)
)
Now handling font encoding OMS ...
... processing UTF-8 mapping file for font encoding OMS

(/usr/local/texlive/2015/texmf-dist/tex/latex/base/omsenc.dfu
File: omsenc.dfu 2014/09/29 v1.1m UTF-8 support for inputenc
   defining Unicode char U+00A7 (decimal 167)
   defining Unicode char U+00B6 (decimal 182)
   defining Unicode char U+00B7 (decimal 183)
   defining Unicode char U+2020 (decimal 8224)
   defining Unicode char U+2021 (decimal 8225)
   defining Unicode char U+2022 (decimal 8226)
)
Now handling font encoding OMX ...
... no UTF-8 mapping file for font encoding OMX
Now handling font encoding U ...
... no UTF-8 mapping file for font encoding U
   defining Unicode char U+00A9 (decimal 169)
   defining Unicode char U+00AA (decimal 170)
   defining Unicode char U+00AE (decimal 174)
   defining Unicode char U+00BA (decimal 186)
   defining Unicode char U+02C6 (decimal 710)
   defining Unicode char U+02DC (decimal 732)
   defining Unicode char U+200C (decimal 8204)
   defining Unicode char U+2026 (decimal 8230)
   defining Unicode char U+2122 (decimal 8482)
   defining Unicode char U+2423 (decimal 9251)
))
(/usr/local/texlive/2015/texmf-dist/tex/generic/babel/babel.sty
Package: babel 2014/09/25 3.9l The Babel package

(/usr/local/texlive/2015/texmf-dist/tex/generic/babel-english/english.ldf
Language: english 2012/08/20 v3.3p English support from the babel system

(/usr/local/texlive/2015/texmf-dist/tex/generic/babel/babel.def
File: babel.def 2014/09/25 3.9l Babel common definitions
\babel@savecnt=\count87
\U@D=\dimen103
)
\l@canadian = a dialect from \language\l@american 
\l@australian = a dialect from \language\l@british 
\l@newzealand = a dialect from \language\l@british 
)
(/usr/local/texlive/2015/texmf-dist/tex/generic/babel-swedish/swedish.ldf
Language: swedish 2005/03/31 v2.3d Swedish support from the babel system
Package babel Info: Making " an active character on input line 90.
))
(/usr/local/texlive/2015/texmf-dist/tex/latex/cite/cite.sty
LaTeX Info: Redefining \cite on input line 302.
LaTeX Info: Redefining \nocite on input line 332.
Package: cite 2015/02/27  v 5.5
)
(/usr/local/texlive/2015/texmf-dist/tex/latex/caption/caption.sty
Package: caption 2013/05/02 v3.3-89 Customizing captions (AR)

(/usr/local/texlive/2015/texmf-dist/tex/latex/caption/caption3.sty
Package: caption3 2013/05/02 v1.6-88 caption3 kernel (AR)
Package caption3 Info: TeX engine: e-TeX on input line 57.

(/usr/local/texlive/2015/texmf-dist/tex/latex/graphics/keyval.sty
Package: keyval 2014/10/28 v1.15 key=value parser (DPC)
\KV@toks@=\toks16
)
\captionmargin=\dimen104
\captionmargin@=\dimen105
\captionwidth=\dimen106
\caption@tempdima=\dimen107
\caption@indent=\dimen108
\caption@parindent=\dimen109
\caption@hangindent=\dimen110
)
\c@ContinuedFloat=\count88
)
(/usr/local/texlive/2015/texmf-dist/tex/latex/graphics/graphicx.sty
Package: graphicx 2014/10/28 v1.0g Enhanced LaTeX Graphics (DPC,SPQR)

(/usr/local/texlive/2015/texmf-dist/tex/latex/graphics/graphics.sty
Package: graphics 2014/10/28 v1.0p Standard LaTeX Graphics (DPC,SPQR)

(/usr/local/texlive/2015/texmf-dist/tex/latex/graphics/trig.sty
Package: trig 1999/03/16 v1.09 sin cos tan (DPC)
)
(/usr/local/texlive/2015/texmf-dist/tex/latex/latexconfig/graphics.cfg
File: graphics.cfg 2010/04/23 v1.9 graphics configuration of TeX Live
)
Package graphics Info: Driver file: pdftex.def on input line 94.

(/usr/local/texlive/2015/texmf-dist/tex/latex/pdftex-def/pdftex.def
File: pdftex.def 2011/05/27 v0.06d Graphics/color for pdfTeX

(/usr/local/texlive/2015/texmf-dist/tex/generic/oberdiek/infwarerr.sty
Package: infwarerr 2010/04/08 v1.3 Providing info/warning/error messages (HO)
)
(/usr/local/texlive/2015/texmf-dist/tex/generic/oberdiek/ltxcmds.sty
Package: ltxcmds 2011/11/09 v1.22 LaTeX kernel commands for general use (HO)
)
\Gread@gobject=\count89
))
\Gin@req@height=\dimen111
\Gin@req@width=\dimen112
)
(/usr/local/texlive/2015/texmf-dist/tex/latex/float/float.sty
Package: float 2001/11/08 v1.3d Float enhancements (AL)
\c@float@type=\count90
\float@exts=\toks17
\float@box=\box26
\@float@everytoks=\toks18
\@floatcapt=\box27
)
(/usr/local/texlive/2015/texmf-dist/tex/latex/base/textcomp.sty
Package: textcomp 2005/09/27 v1.99g Standard LaTeX package
Package textcomp Info: Sub-encoding information:
(textcomp)               5 = only ISO-Adobe without \textcurrency
(textcomp)               4 = 5 + \texteuro
(textcomp)               3 = 4 + \textohm
(textcomp)               2 = 3 + \textestimated + \textcurrency
(textcomp)               1 = TS1 - \textcircled - \t
(textcomp)               0 = TS1 (full)
(textcomp)             Font families with sub-encoding setting implement
(textcomp)             only a restricted character set as indicated.
(textcomp)             Family '?' is the default used for unknown fonts.
(textcomp)             See the documentation for details.
Package textcomp Info: Setting ? sub-encoding to TS1/1 on input line 79.

(/usr/local/texlive/2015/texmf-dist/tex/latex/base/ts1enc.def
File: ts1enc.def 2001/06/05 v3.0e (jk/car/fm) Standard LaTeX file
Now handling font encoding TS1 ...
... processing UTF-8 mapping file for font encoding TS1

(/usr/local/texlive/2015/texmf-dist/tex/latex/base/ts1enc.dfu
File: ts1enc.dfu 2014/09/29 v1.1m UTF-8 support for inputenc
   defining Unicode char U+00A2 (decimal 162)
   defining Unicode char U+00A3 (decimal 163)
   defining Unicode char U+00A4 (decimal 164)
   defining Unicode char U+00A5 (decimal 165)
   defining Unicode char U+00A6 (decimal 166)
   defining Unicode char U+00A7 (decimal 167)
   defining Unicode char U+00A8 (decimal 168)
   defining Unicode char U+00A9 (decimal 169)
   defining Unicode char U+00AA (decimal 170)
   defining Unicode char U+00AC (decimal 172)
   defining Unicode char U+00AE (decimal 174)
   defining Unicode char U+00AF (decimal 175)
   defining Unicode char U+00B0 (decimal 176)
   defining Unicode char U+00B1 (decimal 177)
   defining Unicode char U+00B2 (decimal 178)
   defining Unicode char U+00B3 (decimal 179)
   defining Unicode char U+00B4 (decimal 180)
   defining Unicode char U+00B5 (decimal 181)
   defining Unicode char U+00B6 (decimal 182)
   defining Unicode char U+00B7 (decimal 183)
   defining Unicode char U+00B9 (decimal 185)
   defining Unicode char U+00BA (decimal 186)
   defining Unicode char U+00BC (decimal 188)
   defining Unicode char U+00BD (decimal 189)
   defining Unicode char U+00BE (decimal 190)
   defining Unicode char U+00D7 (decimal 215)
   defining Unicode char U+00F7 (decimal 247)
   defining Unicode char U+0192 (decimal 402)
   defining Unicode char U+02C7 (decimal 711)
   defining Unicode char U+02D8 (decimal 728)
   defining Unicode char U+02DD (decimal 733)
   defining Unicode char U+0E3F (decimal 3647)
   defining Unicode char U+2016 (decimal 8214)
   defining Unicode char U+2020 (decimal 8224)
   defining Unicode char U+2021 (decimal 8225)
   defining Unicode char U+2022 (decimal 8226)
   defining Unicode char U+2030 (decimal 8240)
   defining Unicode char U+2031 (decimal 8241)
   defining Unicode char U+203B (decimal 8251)
   defining Unicode char U+203D (decimal 8253)
   defining Unicode char U+2044 (decimal 8260)
   defining Unicode char U+204E (decimal 8270)
   defining Unicode char U+2052 (decimal 8274)
   defining Unicode char U+20A1 (decimal 8353)
   defining Unicode char U+20A4 (decimal 8356)
   defining Unicode char U+20A6 (decimal 8358)
   defining Unicode char U+20A9 (decimal 8361)
   defining Unicode char U+20AB (decimal 8363)
   defining Unicode char U+20AC (decimal 8364)
   defining Unicode char U+20B1 (decimal 8369)
   defining Unicode char U+2103 (decimal 8451)
   defining Unicode char U+2116 (decimal 8470)
   defining Unicode char U+2117 (decimal 8471)
   defining Unicode char U+211E (decimal 8478)
   defining Unicode char U+2120 (decimal 8480)
   defining Unicode char U+2122 (decimal 8482)
   defining Unicode char U+2126 (decimal 8486)
   defining Unicode char U+2127 (decimal 8487)
   defining Unicode char U+212E (decimal 8494)
   defining Unicode char U+2190 (decimal 8592)
   defining Unicode char U+2191 (decimal 8593)
   defining Unicode char U+2192 (decimal 8594)
   defining Unicode char U+2193 (decimal 8595)
   defining Unicode char U+2329 (decimal 9001)
   defining Unicode char U+232A (decimal 9002)
   defining Unicode char U+2422 (decimal 9250)
   defining Unicode char U+25E6 (decimal 9702)
   defining Unicode char U+25EF (decimal 9711)
   defining Unicode char U+266A (decimal 9834)
))
LaTeX Info: Redefining \oldstylenums on input line 334.
Package textcomp Info: Setting cmr sub-encoding to TS1/0 on input line 349.
Package textcomp Info: Setting cmss sub-encoding to TS1/0 on input line 350.
Package textcomp Info: Setting cmtt sub-encoding to TS1/0 on input line 351.
Package textcomp Info: Setting cmvtt sub-encoding to TS1/0 on input line 352.
Package textcomp Info: Setting cmbr sub-encoding to TS1/0 on input line 353.
Package textcomp Info: Setting cmtl sub-encoding to TS1/0 on input line 354.
Package textcomp Info: Setting ccr sub-encoding to TS1/0 on input line 355.
Package textcomp Info: Setting ptm sub-encoding to TS1/4 on input line 356.
Package textcomp Info: Setting pcr sub-encoding to TS1/4 on input line 357.
Package textcomp Info: Setting phv sub-encoding to TS1/4 on input line 358.
Package textcomp Info: Setting ppl sub-encoding to TS1/3 on input line 359.
Package textcomp Info: Setting pag sub-encoding to TS1/4 on input line 360.
Package textcomp Info: Setting pbk sub-encoding to TS1/4 on input line 361.
Package textcomp Info: Setting pnc sub-encoding to TS1/4 on input line 362.
Package textcomp Info: Setting pzc sub-encoding to TS1/4 on input line 363.
Package textcomp Info: Setting bch sub-encoding to TS1/4 on input line 364.
Package textcomp Info: Setting put sub-encoding to TS1/5 on input line 365.
Package textcomp Info: Setting uag sub-encoding to TS1/5 on input line 366.
Package textcomp Info: Setting ugq sub-encoding to TS1/5 on input line 367.
Package textcomp Info: Setting ul8 sub-encoding to TS1/4 on input line 368.
Package textcomp Info: Setting ul9 sub-encoding to TS1/4 on input line 369.
Package textcomp Info: Setting augie sub-encoding to TS1/5 on input line 370.
Package textcomp Info: Setting dayrom sub-encoding to TS1/3 on input line 371.
Package textcomp Info: Setting dayroms sub-encoding to TS1/3 on input line 372.

Package textcomp Info: Setting pxr sub-encoding to TS1/0 on input line 373.
Package textcomp Info: Setting pxss sub-encoding to TS1/0 on input line 374.
Package textcomp Info: Setting pxtt sub-encoding to TS1/0 on input line 375.
Package textcomp Info: Setting txr sub-encoding to TS1/0 on input line 376.
Package textcomp Info: Setting txss sub-encoding to TS1/0 on input line 377.
Package textcomp Info: Setting txtt sub-encoding to TS1/0 on input line 378.
Package textcomp Info: Setting lmr sub-encoding to TS1/0 on input line 379.
Package textcomp Info: Setting lmdh sub-encoding to TS1/0 on input line 380.
Package textcomp Info: Setting lmss sub-encoding to TS1/0 on input line 381.
Package textcomp Info: Setting lmssq sub-encoding to TS1/0 on input line 382.
Package textcomp Info: Setting lmvtt sub-encoding to TS1/0 on input line 383.
Package textcomp Info: Setting lmtt sub-encoding to TS1/0 on input line 384.
Package textcomp Info: Setting qhv sub-encoding to TS1/0 on input line 385.
Package textcomp Info: Setting qag sub-encoding to TS1/0 on input line 386.
Package textcomp Info: Setting qbk sub-encoding to TS1/0 on input line 387.
Package textcomp Info: Setting qcr sub-encoding to TS1/0 on input line 388.
Package textcomp Info: Setting qcs sub-encoding to TS1/0 on input line 389.
Package textcomp Info: Setting qpl sub-encoding to TS1/0 on input line 390.
Package textcomp Info: Setting qtm sub-encoding to TS1/0 on input line 391.
Package textcomp Info: Setting qzc sub-encoding to TS1/0 on input line 392.
Package textcomp Info: Setting qhvc sub-encoding to TS1/0 on input line 393.
Package textcomp Info: Setting futs sub-encoding to TS1/4 on input line 394.
Package textcomp Info: Setting futx sub-encoding to TS1/4 on input line 395.
Package textcomp Info: Setting futj sub-encoding to TS1/4 on input line 396.
Package textcomp Info: Setting hlh sub-encoding to TS1/3 on input line 397.
Package textcomp Info: Setting hls sub-encoding to TS1/3 on input line 398.
Package textcomp Info: Setting hlst sub-encoding to TS1/3 on input line 399.
Package textcomp Info: Setting hlct sub-encoding to TS1/5 on input line 400.
Package textcomp Info: Setting hlx sub-encoding to TS1/5 on input line 401.
Package textcomp Info: Setting hlce sub-encoding to TS1/5 on input line 402.
Package textcomp Info: Setting hlcn sub-encoding to TS1/5 on input line 403.
Package textcomp Info: Setting hlcw sub-encoding to TS1/5 on input line 404.
Package textcomp Info: Setting hlcf sub-encoding to TS1/5 on input line 405.
Package textcomp Info: Setting pplx sub-encoding to TS1/3 on input line 406.
Package textcomp Info: Setting pplj sub-encoding to TS1/3 on input line 407.
Package textcomp Info: Setting ptmx sub-encoding to TS1/4 on input line 408.
Package textcomp Info: Setting ptmj sub-encoding to TS1/4 on input line 409.
)
(/usr/local/texlive/2015/texmf-dist/tex/latex/listings/listings.sty
\lst@mode=\count91
\lst@gtempboxa=\box28
\lst@token=\toks19
\lst@length=\count92
\lst@currlwidth=\dimen113
\lst@column=\count93
\lst@pos=\count94
\lst@lostspace=\dimen114
\lst@width=\dimen115
\lst@newlines=\count95
\lst@lineno=\count96
\lst@maxwidth=\dimen116

(/usr/local/texlive/2015/texmf-dist/tex/latex/listings/lstmisc.sty
File: lstmisc.sty 2014/09/06 1.5e (Carsten Heinz)
\c@lstnumber=\count97
\lst@skipnumbers=\count98
\lst@framebox=\box29
)
(/usr/local/texlive/2015/texmf-dist/tex/latex/listings/listings.cfg
File: listings.cfg 2014/09/06 1.5e listings configuration
))
Package: listings 2014/09/06 1.5e (Carsten Heinz)

(/usr/local/texlive/2015/texmf-dist/tex/latex/graphics/color.sty
Package: color 2014/10/28 v1.1a Standard LaTeX Color (DPC)

(/usr/local/texlive/2015/texmf-dist/tex/latex/latexconfig/color.cfg
File: color.cfg 2007/01/18 v1.5 color configuration of teTeX/TeXLive
)
Package color Info: Driver file: pdftex.def on input line 142.
)
(/usr/local/texlive/2015/texmf-dist/tex/latex/datetime/datetime.sty
Package: datetime 2015/03/20 v2.60 Date Time Package

(/usr/local/texlive/2015/texmf-dist/tex/latex/etoolbox/etoolbox.sty
Package: etoolbox 2015/05/04 v2.2 e-TeX tools for LaTeX (JAW)
\etb@tempcnta=\count99
)
(/usr/local/texlive/2015/texmf-dist/tex/latex/fmtcount/fmtcount.sty
Package: fmtcount 2015/05/05 v3.01

(/usr/local/texlive/2015/texmf-dist/tex/latex/base/ifthen.sty
Package: ifthen 2014/09/29 v1.1c Standard LaTeX ifthen package (DPC)
)
(/usr/local/texlive/2015/texmf-dist/tex/latex/xkeyval/xkeyval.sty
Package: xkeyval 2014/12/03 v2.7a package option processing (HA)

(/usr/local/texlive/2015/texmf-dist/tex/generic/xkeyval/xkeyval.tex
(/usr/local/texlive/2015/texmf-dist/tex/generic/xkeyval/xkvutils.tex
\XKV@toks=\toks20
\XKV@tempa@toks=\toks21
)
\XKV@depth=\count100
File: xkeyval.tex 2014/12/03 v2.7a key=value parser (HA)
))
(/usr/local/texlive/2015/texmf-dist/tex/latex/fmtcount/fcprefix.sty
Package: fcprefix 2012/09/28

(/usr/local/texlive/2015/texmf-dist/tex/latex/fmtcount/fcnumparser.sty
Package: fcnumparser 2012/09/28
\fc@digit@counter=\count101
))
(/usr/local/texlive/2015/texmf-dist/tex/generic/ifxetex/ifxetex.sty
Package: ifxetex 2010/09/12 v0.6 Provides ifxetex conditional
)
(/usr/local/texlive/2015/texmf-dist/tex/latex/amsmath/amsgen.sty
File: amsgen.sty 1999/11/30 v2.0
\@emptytoks=\toks22
\ex@=\dimen117
)
\c@padzeroesN=\count102
\fc@tmpcatcode=\count103

(/usr/local/texlive/2015/texmf-dist/tex/latex/fmtcount/fc-english.def
File: fc-english.def 2013/08/17
)
\@DT@modctr=\count104
\@ordinalctr=\count105
\@orgargctr=\count106
\@strctr=\count107
\@tmpstrctr=\count108
\@DT@loopN=\count109
\@DT@X=\count110
)
(/usr/local/texlive/2015/texmf-dist/tex/latex/datetime/datetime-defaults.sty
Package: datetime-defaults 2013/09/10
)
\@day=\count111
\@month=\count112
\@year=\count113
\c@HOUR=\count114
\c@HOURXII=\count115
\c@MINUTE=\count116
\c@TOHOUR=\count117
\c@TOMINUTE=\count118
\c@SECOND=\count119
\currenthour=\count120
\currentminute=\count121
\currentsecond=\count122
Package datetime Info: No datetime.cfg file found, using default settings on in
put line 308.
\@dtctr=\count123
\dayofyear=\count124
\dayofweek=\count125
LaTeX Info: Redefining \today on input line 736.

(/usr/local/texlive/2015/texmf-dist/tex/latex/datetime/dt-swedish.def
File: dt-swedish.def 2013/09/10
LaTeX Info: Redefining \dateswedish on input line 63.
LaTeX Info: Redefining \datesymd on input line 68.
LaTeX Info: Redefining \datesdmy on input line 74.
)
\dt@a=\toks23
\dt@b=\toks24
)
(/usr/local/texlive/2015/texmf-dist/tex/latex/fancyhdr/fancyhdr.sty
\fancy@headwidth=\skip43
\f@ncyO@elh=\skip44
\f@ncyO@erh=\skip45
\f@ncyO@olh=\skip46
\f@ncyO@orh=\skip47
\f@ncyO@elf=\skip48
\f@ncyO@erf=\skip49
\f@ncyO@olf=\skip50
\f@ncyO@orf=\skip51
)
(/usr/local/texlive/2015/texmf-dist/tex/latex/titlesec/titlesec.sty
Package: titlesec 2011/12/15 v2.10.0 Sectioning titles
\ttl@box=\box30
\beforetitleunit=\skip52
\aftertitleunit=\skip53
\ttl@plus=\dimen118
\ttl@minus=\dimen119
\ttl@toksa=\toks25
\titlewidth=\dimen120
\titlewidthlast=\dimen121
\titlewidthfirst=\dimen122
)
(./teknisk_dokumentation.aux)
\openout1 = `teknisk_dokumentation.aux'.

LaTeX Font Info:    Checking defaults for OML/cmm/m/it on input line 74.
LaTeX Font Info:    ... okay on input line 74.
LaTeX Font Info:    Checking defaults for T1/cmr/m/n on input line 74.
LaTeX Font Info:    ... okay on input line 74.
LaTeX Font Info:    Checking defaults for OT1/cmr/m/n on input line 74.
LaTeX Font Info:    ... okay on input line 74.
LaTeX Font Info:    Checking defaults for OMS/cmsy/m/n on input line 74.
LaTeX Font Info:    ... okay on input line 74.
LaTeX Font Info:    Checking defaults for OMX/cmex/m/n on input line 74.
LaTeX Font Info:    ... okay on input line 74.
LaTeX Font Info:    Checking defaults for U/cmr/m/n on input line 74.
LaTeX Font Info:    ... okay on input line 74.
LaTeX Font Info:    Checking defaults for TS1/cmr/m/n on input line 74.
LaTeX Font Info:    Try loading font information for TS1+cmr on input line 74.

(/usr/local/texlive/2015/texmf-dist/tex/latex/base/ts1cmr.fd
File: ts1cmr.fd 2014/09/29 v2.5h Standard LaTeX font definitions
)
LaTeX Font Info:    ... okay on input line 74.
Package caption Info: Begin \AtBeginDocument code.
Package caption Info: float package is loaded.
Package caption Info: listings package is loaded.
Package caption Info: End \AtBeginDocument code.

(/usr/local/texlive/2015/texmf-dist/tex/context/base/supp-pdf.mkii
[Loading MPS to PDF converter (version 2006.09.02).]
\scratchcounter=\count126
\scratchdimen=\dimen123
\scratchbox=\box31
\nofMPsegments=\count127
\nofMParguments=\count128
\everyMPshowfont=\toks26
\MPscratchCnt=\count129
\MPscratchDim=\dimen124
\MPnumerator=\count130
\makeMPintoPDFobject=\count131
\everyMPtoPDFconversion=\toks27
) (/usr/local/texlive/2015/texmf-dist/tex/generic/oberdiek/pdftexcmds.sty
Package: pdftexcmds 2011/11/29 v0.20 Utility functions of pdfTeX for LuaTeX (HO
)

(/usr/local/texlive/2015/texmf-dist/tex/generic/oberdiek/ifluatex.sty
Package: ifluatex 2010/03/01 v1.3 Provides the ifluatex switch (HO)
Package ifluatex Info: LuaTeX not detected.
)
(/usr/local/texlive/2015/texmf-dist/tex/generic/oberdiek/ifpdf.sty
Package: ifpdf 2011/01/30 v2.3 Provides the ifpdf switch (HO)
Package ifpdf Info: pdfTeX in PDF mode is detected.
)
Package pdftexcmds Info: LuaTeX not detected.
Package pdftexcmds Info: \pdf@primitive is available.
Package pdftexcmds Info: \pdf@ifprimitive is available.
Package pdftexcmds Info: \pdfdraftmode found.
)
(/usr/local/texlive/2015/texmf-dist/tex/latex/oberdiek/epstopdf-base.sty
Package: epstopdf-base 2010/02/09 v2.5 Base part for package epstopdf

(/usr/local/texlive/2015/texmf-dist/tex/latex/oberdiek/grfext.sty
Package: grfext 2010/08/19 v1.1 Manage graphics extensions (HO)

(/usr/local/texlive/2015/texmf-dist/tex/generic/oberdiek/kvdefinekeys.sty
Package: kvdefinekeys 2011/04/07 v1.3 Define keys (HO)
))
(/usr/local/texlive/2015/texmf-dist/tex/latex/oberdiek/kvoptions.sty
Package: kvoptions 2011/06/30 v3.11 Key value format for package options (HO)

(/usr/local/texlive/2015/texmf-dist/tex/generic/oberdiek/kvsetkeys.sty
Package: kvsetkeys 2012/04/25 v1.16 Key value parser (HO)

(/usr/local/texlive/2015/texmf-dist/tex/generic/oberdiek/etexcmds.sty
Package: etexcmds 2011/02/16 v1.5 Avoid name clashes with e-TeX commands (HO)
Package etexcmds Info: Could not find \expanded.
(etexcmds)             That can mean that you are not using pdfTeX 1.50 or
(etexcmds)             that some package has redefined \expanded.
(etexcmds)             In the latter case, load this package earlier.
)))
Package grfext Info: Graphics extension search list:
(grfext)             [.png,.pdf,.jpg,.mps,.jpeg,.jbig2,.jb2,.PNG,.PDF,.JPG,.JPE
G,.JBIG2,.JB2,.eps]
(grfext)             \AppendGraphicsExtensions on input line 452.

(/usr/local/texlive/2015/texmf-dist/tex/latex/latexconfig/epstopdf-sys.cfg
File: epstopdf-sys.cfg 2010/07/13 v1.3 Configuration of (r)epstopdf for TeX Liv
e
))
\c@lstlisting=\count132
LaTeX Font Info:    External font `cmex10' loaded for size
(Font)              <7> on input line 101.
LaTeX Font Info:    External font `cmex10' loaded for size
(Font)              <5> on input line 101.

[1

{/usr/local/texlive/2015/texmf-var/fonts/map/pdftex/updmap/pdftex.map}]
Overfull \hbox (13.80627pt too wide) in paragraph at lines 129--146
 [][] 
 []

<images/Logo.jpg, id=9, 301.125pt x 182.6825pt>
File: images/Logo.jpg Graphic file (type jpg)
 <use images/Logo.jpg>
Package pdftex.def Info: images/Logo.jpg used on input line 162.
(pdftex.def)             Requested size: 60.22392pt x 36.53584pt.


Package Fancyhdr Warning: \headheight is too small (12.0pt): 
 Make it at least 40.13588pt.
 We now make it that large for the rest of the document.
 This may cause the page layout to be inconsistent, however.

[2

 <./images/Logo.jpg>] (./teknisk_dokumentation.toc
File: images/Logo.jpg Graphic file (type jpg)
 <use images/Logo.jpg>
Package pdftex.def Info: images/Logo.jpg used on input line 50.
(pdftex.def)             Requested size: 60.22392pt x 36.53584pt.

[3

])
\tf@toc=\write3
\openout3 = `teknisk_dokumentation.toc'.

File: images/Logo.jpg Graphic file (type jpg)
 <use images/Logo.jpg>
Package pdftex.def Info: images/Logo.jpg used on input line 166.
(pdftex.def)             Requested size: 60.22392pt x 36.53584pt.
 [4]
Overfull \hbox (18.54814pt too wide) in paragraph at lines 180--188
 [][] 
 []

File: images/Logo.jpg Graphic file (type jpg)
<use images/Logo.jpg>
Package pdftex.def Info: images/Logo.jpg used on input line 191.
(pdftex.def)             Requested size: 60.22392pt x 36.53584pt.
 [5

]
File: images/Logo.jpg Graphic file (type jpg)
 <use images/Logo.jpg>
Package pdftex.def Info: images/Logo.jpg used on input line 200.
(pdftex.def)             Requested size: 60.22392pt x 36.53584pt.
 [6

]
<images/robot_irl.jpg, id=27, 3035.34pt x 2714.14pt>
File: images/robot_irl.jpg Graphic file (type jpg)

<use images/robot_irl.jpg>
Package pdftex.def Info: images/robot_irl.jpg used on input line 208.
(pdftex.def)             Requested size: 303.55179pt x 271.4299pt.

<images/client1.png, id=28, 634.62094pt x 487.06969pt>
File: images/client1.png Graphic file (type png)

<use images/client1.png>
Package pdftex.def Info: images/client1.png used on input line 217.
(pdftex.def)             Requested size: 349.04259pt x 267.88914pt.

Overfull \hbox (4.04259pt too wide) in paragraph at lines 217--218
 [][] 
 []

File: images/Logo.jpg Graphic file (type jpg)
<use images/Logo.jpg>
Package pdftex.def Info: images/Logo.jpg used on input line 221.
(pdftex.def)             Requested size: 60.22392pt x 36.53584pt.
 [7

 <./images/robot_irl.jpg>]
File: images/Logo.jpg Graphic file (type jpg)
 <use images/Logo.jpg>
Package pdftex.def Info: images/Logo.jpg used on input line 222.
(pdftex.def)             Requested size: 60.22392pt x 36.53584pt.

[8 <./images/client1.png>]
Overfull \hbox (2.38956pt too wide) in paragraph at lines 229--231
\OT1/cmr/m/n/10 Navigeringslogiken im-ple-men-te-ras som en till-st^^Wandsmaski
n vars tran-si-tio-ner styrs
 []


Underfull \hbox (badness 10000) in paragraph at lines 229--231

 []

<images/navigator_flowchart.pdf, id=36, 568.1225pt x 365.365pt>
File: images/navigator_flowchart.pdf Graphic file (type pdf)

<use images/navigator_flowchart.pdf>
Package pdftex.def Info: images/navigator_flowchart.pdf used on input line 234.

(pdftex.def)             Requested size: 227.24496pt x 146.1434pt.

Underfull \hbox (badness 10000) in paragraph at lines 238--241

 []

<images/navigation_outer_turn.pdf, id=37, 393.47pt x 132.495pt>
File: images/navigation_outer_turn.pdf Graphic file (type pdf)

<use images/navigation_outer_turn.pdf>
Package pdftex.def Info: images/navigation_outer_turn.pdf used on input line 24
4.
(pdftex.def)             Requested size: 236.0838pt x 79.49759pt.
File: images/Logo.jpg Graphic file (type jpg)
 <use images/Logo.jpg>
Package pdftex.def Info: images/Logo.jpg used on input line 248.
(pdftex.def)             Requested size: 60.22392pt x 36.53584pt.
 [9

 <./images/navigator_flowchart.pdf>]
Underfull \hbox (badness 10000) in paragraph at lines 248--251

 []

<images/navigation_inner_turn.pdf, id=44, 393.47pt x 132.495pt>
File: images/navigation_inner_turn.pdf Graphic file (type pdf)

<use images/navigation_inner_turn.pdf>
Package pdftex.def Info: images/navigation_inner_turn.pdf used on input line 25
4.
(pdftex.def)             Requested size: 236.0838pt x 79.49759pt.

Underfull \hbox (badness 10000) in paragraph at lines 258--261

 []

File: images/Logo.jpg Graphic file (type jpg)
<use images/Logo.jpg>
Package pdftex.def Info: images/Logo.jpg used on input line 261.
(pdftex.def)             Requested size: 60.22392pt x 36.53584pt.
 [10 <./images/navigation_outer_turn.pdf> <./images/navigation_inner_turn.pdf>]

<images/navigation_dead_end.pdf, id=126, 393.47pt x 132.495pt>
File: images/navigation_dead_end.pdf Graphic file (type pdf)

<use images/navigation_dead_end.pdf>
Package pdftex.def Info: images/navigation_dead_end.pdf used on input line 264.

(pdftex.def)             Requested size: 236.0838pt x 79.49759pt.

Underfull \hbox (badness 10000) in paragraph at lines 268--271

 []

File: images/Logo.jpg Graphic file (type jpg)
<use images/Logo.jpg>
Package pdftex.def Info: images/Logo.jpg used on input line 280.
(pdftex.def)             Requested size: 60.22392pt x 36.53584pt.
 [11 <./images/navigation_dead_end.pdf>]
<images/Reglering.pdf, id=169, 800.9925pt x 542.025pt>
File: images/Reglering.pdf Graphic file (type pdf)

<use images/Reglering.pdf>
Package pdftex.def Info: images/Reglering.pdf used on input line 289.
(pdftex.def)             Requested size: 320.39133pt x 216.80615pt.
File: images/Logo.jpg Graphic file (type jpg)
 <use images/Logo.jpg>
Package pdftex.def Info: images/Logo.jpg used on input line 293.
(pdftex.def)             Requested size: 60.22392pt x 36.53584pt.
 [12]
<images/EventBus.pdf, id=175, 463.7325pt x 463.7325pt>
File: images/EventBus.pdf Graphic file (type pdf)

<use images/EventBus.pdf>
Package pdftex.def Info: images/EventBus.pdf used on input line 302.
(pdftex.def)             Requested size: 208.67769pt x 208.67769pt.
File: images/Logo.jpg Graphic file (type jpg)
 <use images/Logo.jpg>
Package pdftex.def Info: images/Logo.jpg used on input line 306.
(pdftex.def)             Requested size: 60.22392pt x 36.53584pt.
 [13 <./images/Reglering.pdf>]
Underfull \hbox (badness 10000) in paragraph at lines 306--309

 []

File: images/Logo.jpg Graphic file (type jpg)
<use images/Logo.jpg>
Package pdftex.def Info: images/Logo.jpg used on input line 315.
(pdftex.def)             Requested size: 135.50499pt x 82.20634pt.

Underfull \hbox (badness 10000) in paragraph at lines 319--320

 []

File: images/Logo.jpg Graphic file (type jpg)
<use images/Logo.jpg>
Package pdftex.def Info: images/Logo.jpg used on input line 320.
(pdftex.def)             Requested size: 60.22392pt x 36.53584pt.
 [14 <./images/EventBus.pdf>]
Overfull \hbox (18.63965pt too wide) in paragraph at lines 321--322
\OT1/cmr/m/n/10 pro-gram-met kom-mu-ni-ce-rar via det allm[]anna gr[]anssnittet
 Event-Bus till en bluetooth-
 []

<images/Flodesschema_i2c.pdf, id=189, 654.445pt x 724.7075pt>
File: images/Flodesschema_i2c.pdf Graphic file (type pdf)

<use images/Flodesschema_i2c.pdf>
Package pdftex.def Info: images/Flodesschema_i2c.pdf used on input line 328.
(pdftex.def)             Requested size: 294.49753pt x 326.11536pt.
File: images/Logo.jpg Graphic file (type jpg)
 <use images/Logo.jpg>
Package pdftex.def Info: images/Logo.jpg used on input line 332.
(pdftex.def)             Requested size: 60.22392pt x 36.53584pt.
 [15]
Underfull \hbox (badness 10000) in paragraph at lines 332--335

 []

File: images/Logo.jpg Graphic file (type jpg)
<use images/Logo.jpg>
Package pdftex.def Info: images/Logo.jpg used on input line 336.
(pdftex.def)             Requested size: 60.22392pt x 36.53584pt.
 [16 <./images/Flodesschema_i2c.pdf>]
<images/oversikt_systemet.pdf, id=200, 674.52pt x 804.00375pt>
File: images/oversikt_systemet.pdf Graphic file (type pdf)

<use images/oversikt_systemet.pdf>
Package pdftex.def Info: images/oversikt_systemet.pdf used on input line 343.
(pdftex.def)             Requested size: 269.80322pt x 321.59581pt.

(/usr/local/texlive/2015/texmf-dist/tex/latex/listings/lstlang1.sty
File: lstlang1.sty 2014/09/06 1.5e listings language file
)
Underfull \hbox (badness 10000) in paragraph at lines 352--354

 []

File: images/Logo.jpg Graphic file (type jpg)
<use images/Logo.jpg>
Package pdftex.def Info: images/Logo.jpg used on input line 354.
(pdftex.def)             Requested size: 60.22392pt x 36.53584pt.
 [17

 <./images/oversikt_systemet.pdf>]
(/usr/local/texlive/2015/texmf-dist/tex/latex/listings/lstlang1.sty
File: lstlang1.sty 2014/09/06 1.5e listings language file
)
(/usr/local/texlive/2015/texmf-dist/tex/latex/listings/lstmisc.sty
File: lstmisc.sty 2014/09/06 1.5e (Carsten Heinz)
)
LaTeX Font Info:    Try loading font information for OMS+cmr on input line 362.


(/usr/local/texlive/2015/texmf-dist/tex/latex/base/omscmr.fd
File: omscmr.fd 2014/09/29 v2.5h Standard LaTeX font definitions
)
LaTeX Font Info:    Font shape `OMS/cmr/m/n' in size <8> not available
(Font)              Font shape `OMS/cmsy/m/n' tried instead on input line 362.
File: images/Logo.jpg Graphic file (type jpg)

<use images/Logo.jpg>
Package pdftex.def Info: images/Logo.jpg used on input line 379.
(pdftex.def)             Requested size: 60.22392pt x 36.53584pt.
 [18]
Underfull \hbox (badness 10000) in paragraph at lines 385--387

 []

LaTeX Font Info:    External font `cmex10' loaded for size
(Font)              <8> on input line 388.
LaTeX Font Info:    External font `cmex10' loaded for size
(Font)              <6> on input line 388.
File: images/Logo.jpg Graphic file (type jpg)
<use images/Logo.jpg>
Package pdftex.def Info: images/Logo.jpg used on input line 400.
(pdftex.def)             Requested size: 60.22392pt x 36.53584pt.
 [19]
Overfull \hbox (1.16727pt too wide) in paragraph at lines 404--405
\OT1/cmr/m/n/10 Huvudenheten re-a-li-se-ras med en Rasp-ber-ry PI, p^^Wa vil-ke
n ope-ra-tiv-sy-ste-met Rasp-
 []

<images/mjukvarumoduler.pdf, id=221, 674.52pt x 453.695pt>
File: images/mjukvarumoduler.pdf Graphic file (type pdf)

<use images/mjukvarumoduler.pdf>
Package pdftex.def Info: images/mjukvarumoduler.pdf used on input line 408.
(pdftex.def)             Requested size: 303.53119pt x 204.16086pt.
File: images/Logo.jpg Graphic file (type jpg)
 <use images/Logo.jpg>
Package pdftex.def Info: images/Logo.jpg used on input line 423.
(pdftex.def)             Requested size: 60.22392pt x 36.53584pt.
 [20

 <./images/mjukvarumoduler.pdf>]
<images/Huvudenhet_kopplingsschema.pdf, id=228, 799.98875pt x 805.0075pt>
File: images/Huvudenhet_kopplingsschema.pdf Graphic file (type pdf)

<use images/Huvudenhet_kopplingsschema.pdf>
Package pdftex.def Info: images/Huvudenhet_kopplingsschema.pdf used on input li
ne 436.
(pdftex.def)             Requested size: 359.99161pt x 362.25003pt.

Overfull \hbox (14.99161pt too wide) in paragraph at lines 436--437
 [][] 
 []

File: images/Logo.jpg Graphic file (type jpg)
<use images/Logo.jpg>
Package pdftex.def Info: images/Logo.jpg used on input line 440.
(pdftex.def)             Requested size: 60.22392pt x 36.53584pt.
 [21]
File: images/Logo.jpg Graphic file (type jpg)
 <use images/Logo.jpg>
Package pdftex.def Info: images/Logo.jpg used on input line 457.
(pdftex.def)             Requested size: 60.22392pt x 36.53584pt.
 [22 <./images/Huvudenhet_kopplingsschema.pdf>]
Underfull \hbox (badness 10000) in paragraph at lines 472--477

 []


Underfull \hbox (badness 10000) in paragraph at lines 472--477

 []

<images/Sensorenhet_kopplingsschema.pdf, id=238, 722.7pt x 664.4825pt>
File: images/Sensorenhet_kopplingsschema.pdf Graphic file (type pdf)

<use images/Sensorenhet_kopplingsschema.pdf>
Package pdftex.def Info: images/Sensorenhet_kopplingsschema.pdf used on input l
ine 482.
(pdftex.def)             Requested size: 325.21199pt x 299.01436pt.
File: images/Logo.jpg Graphic file (type jpg)
 <use images/Logo.jpg>
Package pdftex.def Info: images/Logo.jpg used on input line 486.
(pdftex.def)             Requested size: 60.22392pt x 36.53584pt.
 [23]
Overfull \hbox (4.02835pt too wide) in paragraph at lines 487--488
\OT1/cmr/m/n/10 Som ses i fi-gur 14[] []ar IR-sensorerna kopp-la-de till AT-Me-
gan via var sitt l^^Wagpassfilter
 []

File: images/Logo.jpg Graphic file (type jpg)
<use images/Logo.jpg>
Package pdftex.def Info: images/Logo.jpg used on input line 514.
(pdftex.def)             Requested size: 60.22392pt x 36.53584pt.
 [24 <./images/Sensorenhet_kopplingsschema.pdf>]
<images/sensorenhet_flowchart.pdf, id=248, 388.45125pt x 463.7325pt>
File: images/sensorenhet_flowchart.pdf Graphic file (type pdf)

<use images/sensorenhet_flowchart.pdf>
Package pdftex.def Info: images/sensorenhet_flowchart.pdf used on input line 55
2.
(pdftex.def)             Requested size: 233.07254pt x 278.24164pt.
File: images/Logo.jpg Graphic file (type jpg)
 <use images/Logo.jpg>
Package pdftex.def Info: images/Logo.jpg used on input line 556.
(pdftex.def)             Requested size: 60.22392pt x 36.53584pt.
 [25]
<images/Styrenhet_kopplingsschema.pdf, id=253, 715.67375pt x 654.445pt>
File: images/Styrenhet_kopplingsschema.pdf Graphic file (type pdf)

<use images/Styrenhet_kopplingsschema.pdf>
Package pdftex.def Info: images/Styrenhet_kopplingsschema.pdf used on input lin
e 565.
(pdftex.def)             Requested size: 322.0502pt x 294.49753pt.
File: images/Logo.jpg Graphic file (type jpg)
 <use images/Logo.jpg>
Package pdftex.def Info: images/Logo.jpg used on input line 569.
(pdftex.def)             Requested size: 60.22392pt x 36.53584pt.
 [26 <./images/sensorenhet_flowchart.pdf>]
File: images/Logo.jpg Graphic file (type jpg)
 <use images/Logo.jpg>
Package pdftex.def Info: images/Logo.jpg used on input line 615.
(pdftex.def)             Requested size: 60.22392pt x 36.53584pt.
 [27 <./images/Styrenhet_kopplingsschema.pdf>]
<images/styrenhet_flowchart.pdf, id=266, 318.18875pt x 343.2825pt>
File: images/styrenhet_flowchart.pdf Graphic file (type pdf)

<use images/styrenhet_flowchart.pdf>
Package pdftex.def Info: images/styrenhet_flowchart.pdf used on input line 622.

(pdftex.def)             Requested size: 190.9147pt x 205.97107pt.
File: images/Logo.jpg Graphic file (type jpg)
 <use images/Logo.jpg>
Package pdftex.def Info: images/Logo.jpg used on input line 635.
(pdftex.def)             Requested size: 60.22392pt x 36.53584pt.
 [28 <./images/styrenhet_flowchart.pdf>]
File: images/Logo.jpg Graphic file (type jpg)
 <use images/Logo.jpg>
Package pdftex.def Info: images/Logo.jpg used on input line 641.
(pdftex.def)             Requested size: 60.22392pt x 36.53584pt.
 [29]
File: images/Logo.jpg Graphic file (type jpg)
 <use images/Logo.jpg>
Package pdftex.def Info: images/Logo.jpg used on input line 652.
(pdftex.def)             Requested size: 60.22392pt x 36.53584pt.
 [30

]
File: images/Logo.jpg Graphic file (type jpg)

<use images/Logo.jpg>
Package pdftex.def Info: images/Logo.jpg used on input line 659.
(pdftex.def)             Requested size: 60.22392pt x 36.53584pt.
 [31

]
File: images/Logo.jpg Graphic file (type jpg)
 <use images/Logo.jpg>
Package pdftex.def Info: images/Logo.jpg used on input line 663.
(pdftex.def)             Requested size: 60.22392pt x 36.53584pt.
 [32

]
File: images/Logo.jpg Graphic file (type jpg)
 <use images/Logo.jpg>
Package pdftex.def Info: images/Logo.jpg used on input line 666.
(pdftex.def)             Requested size: 60.22392pt x 36.53584pt.

[33

] (./teknisk_dokumentation.aux) ) 
Here is how much of TeX's memory you used:
 7503 strings out of 493089
 108580 string characters out of 6134842
 277755 words of memory out of 5000000
 10836 multiletter control sequences out of 15000+600000
 8571 words of font info for 30 fonts, out of 8000000 for 9000
 1141 hyphenation exceptions out of 8191
 39i,17n,76p,1230b,1467s stack positions out of 5000i,500n,10000p,200000b,80000s
{/usr/local/texlive/2015/texmf-dist/fonts/enc/
dvips/cm-super/cm-super-ts1.enc}</usr/local/texlive/2015/texmf-dist/fonts/type1
/public/amsfonts/cm/cmbx10.pfb></usr/local/texlive/2015/texmf-dist/fonts/type1/
public/amsfonts/cm/cmbx12.pfb></usr/local/texlive/2015/texmf-dist/fonts/type1/p
ublic/amsfonts/cm/cmmi10.pfb></usr/local/texlive/2015/texmf-dist/fonts/type1/pu
blic/amsfonts/cm/cmr10.pfb></usr/local/texlive/2015/texmf-dist/fonts/type1/publ
ic/amsfonts/cm/cmr5.pfb></usr/local/texlive/2015/texmf-dist/fonts/type1/public/
amsfonts/cm/cmr8.pfb></usr/local/texlive/2015/texmf-dist/fonts/type1/public/ams
fonts/cm/cmss12.pfb></usr/local/texlive/2015/texmf-dist/fonts/type1/public/amsf
onts/cm/cmss17.pfb></usr/local/texlive/2015/texmf-dist/fonts/type1/public/amsfo
nts/cm/cmsy10.pfb></usr/local/texlive/2015/texmf-dist/fonts/type1/public/amsfon
ts/cm/cmsy8.pfb></usr/local/texlive/2015/texmf-dist/fonts/type1/public/cm-super
/sfrm0800.pfb></usr/local/texlive/2015/texmf-dist/fonts/type1/public/cm-super/s
frm1000.pfb>
Output written on teknisk_dokumentation.pdf (33 pages, 2158576 bytes).
PDF statistics:
 330 PDF objects out of 1000 (max. 8388607)
 208 compressed objects within 3 object streams
 0 named destinations out of 1000 (max. 500000)
 86 words of extra memory for PDF output out of 10000 (max. 10000000)

